0 info it worked if it ends with ok
1 verbose cli [ '/usr/local/Cellar/node/5.6.0/bin/node',
1 verbose cli   '/usr/local/bin/npm',
1 verbose cli   'start' ]
2 info using npm@3.10.3
3 info using node@v5.6.0
4 verbose run-script [ 'prestart', 'start', 'poststart' ]
5 info lifecycle Project@0.0.1~prestart: Project@0.0.1
6 silly lifecycle Project@0.0.1~prestart: no script for prestart, continuing
7 info lifecycle Project@0.0.1~start: Project@0.0.1
8 verbose lifecycle Project@0.0.1~start: unsafe-perm in lifecycle true
9 verbose lifecycle Project@0.0.1~start: PATH: /usr/local/lib/node_modules/npm/bin/node-gyp-bin:/Users/Ted/Desktop/tiptap/node_modules/.bin:/usr/local/Cellar/node/5.6.0/bin:/usr/local/git/bin:/sw/bin/:/usr/local/bin:/usr/local/:/usr/local/sbin:/usr/local/mysql/bin:/Users/Ted/.rbenv/shims:/Users/Ted/.rbenv/bin:/usr/local/bin:/usr/bin:/bin:/usr/sbin:/sbin:/usr/local/bin/
10 verbose lifecycle Project@0.0.1~start: CWD: /Users/Ted/Desktop/tiptap
11 silly lifecycle Project@0.0.1~start: Args: [ '-c', 'react-native start' ]
12 silly lifecycle Project@0.0.1~start: Returned: code: 1  signal: null
13 info lifecycle Project@0.0.1~start: Failed to exec start script
14 verbose stack Error: Project@0.0.1 start: `react-native start`
14 verbose stack Exit status 1
14 verbose stack     at EventEmitter.<anonymous> (/usr/local/lib/node_modules/npm/lib/utils/lifecycle.js:242:16)
14 verbose stack     at emitTwo (events.js:100:13)
14 verbose stack     at EventEmitter.emit (events.js:185:7)
14 verbose stack     at ChildProcess.<anonymous> (/usr/local/lib/node_modules/npm/lib/utils/spawn.js:40:14)
14 verbose stack     at emitTwo (events.js:100:13)
14 verbose stack     at ChildProcess.emit (events.js:185:7)
14 verbose stack     at maybeClose (internal/child_process.js:827:16)
14 verbose stack     at Process.ChildProcess._handle.onexit (internal/child_process.js:211:5)
15 verbose pkgid Project@0.0.1
16 verbose cwd /Users/Ted/Desktop/tiptap
17 error Darwin 15.6.0
18 error argv "/usr/local/Cellar/node/5.6.0/bin/node" "/usr/local/bin/npm" "start"
19 error node v5.6.0
20 error npm  v3.10.3
21 error code ELIFECYCLE
22 error Project@0.0.1 start: `react-native start`
22 error Exit status 1
23 error Failed at the Project@0.0.1 start script 'react-native start'.
23 error Make sure you have the latest version of node.js and npm installed.
23 error If you do, this is most likely a problem with the Project package,
23 error not with npm itself.
23 error Tell the author that this fails on your system:
23 error     react-native start
23 error You can get information on how to open an issue for this project with:
23 error     npm bugs Project
23 error Or if that isn't available, you can get their info via:
23 error     npm owner ls Project
23 error There is likely additional logging output above.
24 verbose exit [ 1, true ]
